0 info it worked if it ends with ok
1 verbose cli [ '/usr/local/bin/node', '/usr/local/bin/npm', 'publish' ]
2 info using npm@3.6.0
3 info using node@v5.5.0
4 verbose publish [ '.' ]
5 silly cache add args [ '.', null ]
6 verbose cache add spec .
7 silly cache add parsed spec Result {
7 silly cache add   raw: '.',
7 silly cache add   scope: null,
7 silly cache add   name: null,
7 silly cache add   rawSpec: '.',
7 silly cache add   spec: '/Users/CloudMu/WorkSpace/react-component-boilerplate',
7 silly cache add   type: 'directory' }
8 verbose addLocalDirectory /Users/CloudMu/.npm/wui-bigdata/0.1.1/package.tgz not in flight; packing
9 verbose correctMkdir /Users/CloudMu/.npm correctMkdir not in flight; initializing
10 info lifecycle wui-bigdata@0.1.1~prepublish: wui-bigdata@0.1.1
11 verbose lifecycle wui-bigdata@0.1.1~prepublish: unsafe-perm in lifecycle true
12 verbose lifecycle wui-bigdata@0.1.1~prepublish: PATH: /usr/local/lib/node_modules/npm/bin/node-gyp-bin:/Users/CloudMu/WorkSpace/react-component-boilerplate/node_modules/.bin:/Users/CloudMu/.rvm/gems/ruby-2.2.1/bin:/Users/CloudMu/.rvm/gems/ruby-2.2.1@global/bin:/Users/CloudMu/.rvm/rubies/ruby-2.2.1/bin:/usr/local/bin:/usr/bin:/bin:/usr/sbin:/sbin:/Users/CloudMu/.rvm/bin
13 verbose lifecycle wui-bigdata@0.1.1~prepublish: CWD: /Users/CloudMu/WorkSpace/react-component-boilerplate
14 silly lifecycle wui-bigdata@0.1.1~prepublish: Args: [ '-c', 'npm run dist:modules' ]
15 silly lifecycle wui-bigdata@0.1.1~prepublish: Returned: code: 0  signal: null
16 verbose tar pack [ '/Users/CloudMu/.npm/wui-bigdata/0.1.1/package.tgz',
16 verbose tar pack   '/Users/CloudMu/WorkSpace/react-component-boilerplate' ]
17 verbose tarball /Users/CloudMu/.npm/wui-bigdata/0.1.1/package.tgz
18 verbose folder /Users/CloudMu/WorkSpace/react-component-boilerplate
19 verbose addLocalTarball adding from inside cache /Users/CloudMu/.npm/wui-bigdata/0.1.1/package.tgz
20 verbose correctMkdir /Users/CloudMu/.npm correctMkdir not in flight; initializing
21 silly cache afterAdd wui-bigdata@0.1.1
22 verbose afterAdd /Users/CloudMu/.npm/wui-bigdata/0.1.1/package/package.json not in flight; writing
23 verbose correctMkdir /Users/CloudMu/.npm correctMkdir not in flight; initializing
24 verbose afterAdd /Users/CloudMu/.npm/wui-bigdata/0.1.1/package/package.json written
25 silly publish { name: 'wui-bigdata',
25 silly publish   description: 'Big data visualization library for WUI framework.',
25 silly publish   author:
25 silly publish    { name: 'Cloud Mu',
25 silly publish      email: 'muyunsong@gmail.com',
25 silly publish      url: 'https://muyunsong.com' },
25 silly publish   user: 'corncandy',
25 silly publish   version: '0.1.1',
25 silly publish   scripts:
25 silly publish    { start: 'webpack-dev-server',
25 silly publish      test: 'karma start',
25 silly publish      'test:tdd': 'npm run test -- --auto-watch --no-single-run',
25 silly publish      'test:lint': 'eslint . --ext .js --ext .jsx --ignore-path .gitignore --ignore-pattern dist --cache',
25 silly publish      'gh-pages': 'webpack',
25 silly publish      'gh-pages:deploy': 'gh-pages -d gh-pages',
25 silly publish      'gh-pages:stats': 'webpack --profile --json > stats.json',
25 silly publish      dist: 'webpack',
25 silly publish      'dist:min': 'webpack',
25 silly publish      'dist:modules': 'rm -rf ./dist-modules && babel ./src --out-dir ./dist-modules',
25 silly publish      pretest: 'npm run test:lint',
25 silly publish      preversion: 'npm run test && npm run dist && npm run dist:min && git commit --allow-empty -am "Update dist"',
25 silly publish      prepublish: 'npm run dist:modules',
25 silly publish      postpublish: 'npm run gh-pages && npm run gh-pages:deploy',
25 silly publish      postinstall: 'node lib/post_install.js' },
25 silly publish   main: 'dist-modules',
25 silly publish   devDependencies:
25 silly publish    { 'babel-cli': '^6.10.1',
25 silly publish      'babel-core': '^6.10.4',
25 silly publish      'babel-eslint': '^6.1.0',
25 silly publish      'babel-loader': '^6.2.4',
25 silly publish      'babel-preset-es2015': '^6.9.0',
25 silly publish      'babel-preset-react': '^6.5.0',
25 silly publish      'babel-preset-react-hmre': '^1.1.1',
25 silly publish      'babel-register': '^6.9.0',
25 silly publish      chai: '^3.5.0',
25 silly publish      'clean-webpack-plugin': '^0.1.9',
25 silly publish      'css-loader': '^0.23.1',
25 silly publish      eslint: '^2.13.1',
25 silly publish      'eslint-loader': '^1.3.0',
25 silly publish      'eslint-plugin-react': '^5.2.2',
25 silly publish      'extract-text-webpack-plugin': '^1.0.1',
25 silly publish      'file-loader': '^0.9.0',
25 silly publish      'gh-pages': '^0.11.0',
25 silly publish      'git-prepush-hook': '^1.0.1',
25 silly publish      'highlight.js': '^9.4.0',
25 silly publish      'html-webpack-plugin': '^2.21.0',
25 silly publish      'html-webpack-remark-plugin': '^0.1.0',
25 silly publish      'isparta-loader': '^2.0.0',
25 silly publish      'json-loader': '^0.5.4',
25 silly publish      karma: '^1.0.0',
25 silly publish      'karma-chai': '^0.1.0',
25 silly publish      'karma-coverage': '^1.0.0',
25 silly publish      'karma-mocha': '^1.1.1',
25 silly publish      'karma-phantomjs-launcher': '^1.0.1',
25 silly publish      'karma-sourcemap-loader': '^0.3.7',
25 silly publish      'karma-spec-reporter': '0.0.26',
25 silly publish      'karma-webpack': '^1.7.0',
25 silly publish      mocha: '^2.5.3',
25 silly publish      'phantomjs-polyfill': '0.0.2',
25 silly publish      'phantomjs-prebuilt': '^2.1.7',
25 silly publish      purecss: '^0.6.0',
25 silly publish      react: '^15.1.0',
25 silly publish      'react-addons-test-utils': '^15.1.0',
25 silly publish      'react-dom': '^15.1.0',
25 silly publish      'react-ghfork': '^0.3.3',
25 silly publish      'style-loader': '^0.13.1',
25 silly publish      'sync-exec': '^0.6.2',
25 silly publish      'system-bell-webpack-plugin': '^1.0.0',
25 silly publish      'url-loader': '^0.5.7',
25 silly publish      webpack: '^1.13.1',
25 silly publish      'webpack-dev-server': '^1.14.1',
25 silly publish      'webpack-merge': '^0.14.0' },
25 silly publish   peerDependencies: { react: '>= 0.11.2 < 16.0.0' },
25 silly publish   repository:
25 silly publish    { type: 'git',
25 silly publish      url: 'git+https://github.com/corncandy/wui-bigdata.git' },
25 silly publish   homepage: 'https://corncandy.github.io/wui-bigdata/',
25 silly publish   bugs: { url: 'https://github.com/corncandy/wui-bigdata/issues' },
25 silly publish   keywords: [ 'react', 'd3', 'wui' ],
25 silly publish   license: 'MIT',
25 silly publish   'pre-push': [ 'test', 'test:lint' ],
25 silly publish   readme: '[![build status](https://secure.travis-ci.org/survivejs/react-component-boilerplate.svg)](http://travis-ci.org/survivejs/react-component-boilerplate) [![bitHound Score](https://www.bithound.io/github/survivejs/react-component-boilerplate/badges/score.svg)](https://www.bithound.io/github/survivejs/react-component-boilerplate) [![Dependency Status](https://david-dm.org/survivejs/react-component-boilerplate.svg)](https://david-dm.org/survivejs/react-component-boilerplate)\n# react-component-boilerplate - Boilerplate for React.js components\n\nThis is a simple boilerplate that has been developed to make it easier to develop React components and small projects.\n\n> Check out [SurviveJS - Webpack and React](http://survivejs.com/) to dig deeper into the topic.\n\n## Basic Usage\n\nIf you want to replace project meta information (author etc.), consider using a tool like [replace-project-meta](https://www.npmjs.com/package/replace-project-meta).\n\n### Common Tasks\n\n* Developing - **npm start** - Runs the development server at *localhost:8080* and use Hot Module Replacement. You can override the default host and port through env (`HOST`, `PORT`).\n* Creating a version - **npm version <x.y.z>** - Updates */dist* and *package.json* with the new version and create a version tag to Git.\n* Publishing a version - **npm publish** - Pushes a new version to npm and updates the project site.\n\nIf you don\'t want to use universal rendering for the React portion, set `RENDER_UNIVERSAL` to `false` at *webpack.config.babel.js*.\n\n### Testing\n\nThe test setup is based on Karma/Mocha/Chai/Phantom. Code coverage report is generated through istanbul/isparta to `build/`.\n\n* Running tests once - **npm test**\n* Running tests continuously **npm run test:tdd**\n* Linting - **npm run test:lint** - Runs ESLint.\n\n### Demo Site\n\nThe boilerplate includes a [GitHub Pages](https://pages.github.com/) specific portion for setting up a demo site for the component. The main commands handle with the details for you. Sometimes you might want to generate and deploy it by hand, or just investigate the generated bundle.\n\n* Building - **npm run gh-pages** - Builds the demo into `./gh-pages` directory.\n* Deploying - **npm run deploy-gh-pages** - Deploys the contents of `./gh-pages` to the `gh-pages` branch. GitHub will pick this up automatically. Your site will be available through *<user name>.github.io/<project name>`.\n* Generating stats - **npm run stats** - Generates stats that can be passed to [webpack analyse tool](https://webpack.github.io/analyse/). This is useful for investigating what the build consists of.\n\n## Highlighting Demo for the Site\n\n```js\nvar a = 5;\nvar b = 10;\n\n// just trying out code highlighting feature here\nconsole.log(a + b);\n```\n\n## License\n\n*react-component-boilerplate* is available under MIT. See LICENSE for more details.\n\n',
25 silly publish   readmeFilename: 'README.md',
25 silly publish   gitHead: '6f7ae31c417447ed799510b448142e42f1ca7dcb',
25 silly publish   _id: 'wui-bigdata@0.1.1',
25 silly publish   _shasum: 'b38568946aaa062f717c972b35097da8d5998a9f',
25 silly publish   _from: '.' }
26 verbose getPublishConfig undefined
27 silly mapToRegistry name wui-bigdata
28 silly mapToRegistry using default registry
29 silly mapToRegistry registry https://registry.npmjs.org/
30 silly mapToRegistry uri https://registry.npmjs.org/wui-bigdata
31 verbose publish registryBase https://registry.npmjs.org/
32 silly publish uploading /Users/CloudMu/.npm/wui-bigdata/0.1.1/package.tgz
33 verbose request uri https://registry.npmjs.org/wui-bigdata
34 verbose request sending authorization for write operation
35 info attempt registry request try #1 at 14:00:37
36 verbose request using bearer token for auth
37 verbose request id b8c138269e14168e
38 http request PUT https://registry.npmjs.org/wui-bigdata
39 http 200 https://registry.npmjs.org/wui-bigdata
40 verbose headers { 'content-type': 'application/json',
40 verbose headers   'content-encoding': 'gzip',
40 verbose headers   'cache-control': 'max-age=300',
40 verbose headers   'transfer-encoding': 'chunked',
40 verbose headers   'accept-ranges': 'bytes',
40 verbose headers   date: 'Fri, 08 Jul 2016 06:00:42 GMT',
40 verbose headers   via: '1.1 varnish',
40 verbose headers   connection: 'keep-alive',
40 verbose headers   'x-served-by': 'cache-hkg6825-HKG',
40 verbose headers   'x-cache': 'MISS',
40 verbose headers   'x-cache-hits': '0',
40 verbose headers   'x-timer': 'S1467957638.790207,VS0,VE3613',
40 verbose headers   vary: 'Accept-Encoding' }
41 verbose request invalidating /Users/CloudMu/.npm/registry.npmjs.org/wui-bigdata on PUT
42 info lifecycle wui-bigdata@0.1.1~publish: wui-bigdata@0.1.1
43 silly lifecycle wui-bigdata@0.1.1~publish: no script for publish, continuing
44 info lifecycle wui-bigdata@0.1.1~postpublish: wui-bigdata@0.1.1
45 verbose lifecycle wui-bigdata@0.1.1~postpublish: unsafe-perm in lifecycle true
46 verbose lifecycle wui-bigdata@0.1.1~postpublish: PATH: /usr/local/lib/node_modules/npm/bin/node-gyp-bin:/Users/CloudMu/WorkSpace/react-component-boilerplate/node_modules/.bin:/Users/CloudMu/.rvm/gems/ruby-2.2.1/bin:/Users/CloudMu/.rvm/gems/ruby-2.2.1@global/bin:/Users/CloudMu/.rvm/rubies/ruby-2.2.1/bin:/usr/local/bin:/usr/bin:/bin:/usr/sbin:/sbin:/Users/CloudMu/.rvm/bin
47 verbose lifecycle wui-bigdata@0.1.1~postpublish: CWD: .
48 silly lifecycle wui-bigdata@0.1.1~postpublish: Args: [ '-c', 'npm run gh-pages && npm run gh-pages:deploy' ]
49 silly lifecycle wui-bigdata@0.1.1~postpublish: Returned: code: 1  signal: null
50 info lifecycle wui-bigdata@0.1.1~postpublish: Failed to exec postpublish script
51 verbose stack Error: wui-bigdata@0.1.1 postpublish: `npm run gh-pages && npm run gh-pages:deploy`
51 verbose stack Exit status 1
51 verbose stack     at EventEmitter.<anonymous> (/usr/local/lib/node_modules/npm/lib/utils/lifecycle.js:232:16)
51 verbose stack     at emitTwo (events.js:100:13)
51 verbose stack     at EventEmitter.emit (events.js:185:7)
51 verbose stack     at ChildProcess.<anonymous> (/usr/local/lib/node_modules/npm/lib/utils/spawn.js:24:14)
51 verbose stack     at emitTwo (events.js:100:13)
51 verbose stack     at ChildProcess.emit (events.js:185:7)
51 verbose stack     at maybeClose (internal/child_process.js:821:16)
51 verbose stack     at Process.ChildProcess._handle.onexit (internal/child_process.js:211:5)
52 verbose pkgid wui-bigdata@0.1.1
53 verbose cwd /Users/CloudMu/WorkSpace/react-component-boilerplate
54 error Darwin 14.5.0
55 error argv "/usr/local/bin/node" "/usr/local/bin/npm" "publish"
56 error node v5.5.0
57 error npm  v3.6.0
58 error code ELIFECYCLE
59 error wui-bigdata@0.1.1 postpublish: `npm run gh-pages && npm run gh-pages:deploy`
59 error Exit status 1
60 error Failed at the wui-bigdata@0.1.1 postpublish script 'npm run gh-pages && npm run gh-pages:deploy'.
60 error Make sure you have the latest version of node.js and npm installed.
60 error If you do, this is most likely a problem with the wui-bigdata package,
60 error not with npm itself.
60 error Tell the author that this fails on your system:
60 error     npm run gh-pages && npm run gh-pages:deploy
60 error You can get information on how to open an issue for this project with:
60 error     npm bugs wui-bigdata
60 error Or if that isn't available, you can get their info via:
60 error     npm owner ls wui-bigdata
60 error There is likely additional logging output above.
61 verbose exit [ 1, true ]
